<?xml version="1.0" encoding="UTF-8"?>
<testsuite xmlns:xsi="http://www.w3.org/2001/XMLSchema-instance" xsi:noNamespaceSchemaLocation="https://maven.apache.org/surefire/maven-surefire-plugin/xsd/surefire-test-report.xsd" version="3.0.2" name="com.banksystem.bank_config_service.BankConfigServiceApplicationTests" time="8.94" tests="1" errors="0" skipped="0" failures="0">
  <properties>
[...]
</properties>
  <testcase name="contextLoads" classname="com.banksystem.bank_config_service.BankConfigServiceApplicationTests" time="1.906">
    <system-out><![CDATA[21:57:40.626 [main] INFO org.springframework.test.context.support.AnnotationConfigContextLoaderUtils -- Could not detect default configuration classes for test class [com.banksystem.bank_config_service.BankConfigServiceApplicationTests]: BankConfigServiceApplicationTests does not declare any static, non-private, non-final, nested classes annotated with @Configuration.
21:57:40.885 [main] INFO org.springframework.boot.test.context.SpringBootTestContextBootstrapper -- Found @SpringBootConfiguration com.banksystem.bank_config_service.BankConfigServiceApplication for test class com.banksystem.bank_config_service.BankConfigServiceApplicationTests
21:57:41.603 [main] INFO org.springframework.boot.devtools.restart.RestartApplicationListener -- Restart disabled due to context in which it is running

  .   ____          _            __ _ _
 /\\ / ___'_ __ _ _(_)_ __  __ _ \ \ \ \
( ( )\___ | '_ | '_| | '_ \/ _` | \ \ \ \
 \\/  ___)| |_)| | | | | || (_| |  ) ) ) )
  '  |____| .__|_| |_|_| |_\__, | / / / /
 =========|_|==============|___/=/_/_/_/

 :: Spring Boot ::                (v3.5.6)

2025-10-16T21:57:42.312+01:00  INFO 251302 --- [bank-config-service] [           main] c.b.b.BankConfigServiceApplicationTests  : Starting BankConfigServiceApplicationTests using Java 17.0.16 with PID 251302 (started by lavue in /home/lavue/Dev/java/spring/tutoriel2/bank-config-service)
2025-10-16T21:57:42.316+01:00  INFO 251302 --- [bank-config-service] [           main] c.b.b.BankConfigServiceApplicationTests  : No active profile set, falling back to 1 default profile: "default"
2025-10-16T21:57:44.908+01:00  INFO 251302 --- [bank-config-service] [           main] o.s.cloud.context.scope.GenericScope     : BeanFactory id=100e6acf-5c81-3656-b52a-ce47e88e52be
2025-10-16T21:57:47.332+01:00  INFO 251302 --- [bank-config-service] [           main] c.b.b.BankConfigServiceApplicationTests  : Started BankConfigServiceApplicationTests in 5.749 seconds (process running for 7.946)
]]></system-out>
  </testcase>
</testsuite>