<?xml version="1.0" encoding="UTF-8"?>
<testsuite xmlns:xsi="http://www.w3.org/2001/XMLSchema-instance" xsi:noNamespaceSchemaLocation="https://maven.apache.org/surefire/maven-surefire-plugin/xsd/surefire-test-report.xsd" version="3.0.2" name="com.banksystem.bank_registry_service.BankRegistryServiceApplicationTests" time="19.611" tests="1" errors="0" skipped="0" failures="0">
  <properties>
[...]
</properties>
  <testcase name="contextLoads" classname="com.banksystem.bank_registry_service.BankRegistryServiceApplicationTests" time="2.109">
    <system-out><![CDATA[22:00:22.465 [main] INFO org.springframework.test.context.support.AnnotationConfigContextLoaderUtils -- Could not detect default configuration classes for test class [com.banksystem.bank_registry_service.BankRegistryServiceApplicationTests]: BankRegistryServiceApplicationTests does not declare any static, non-private, non-final, nested classes annotated with @Configuration.
22:00:22.776 [main] INFO org.springframework.boot.test.context.SpringBootTestContextBootstrapper -- Found @SpringBootConfiguration com.banksystem.bank_registry_service.BankRegistryServiceApplication for test class com.banksystem.bank_registry_service.BankRegistryServiceApplicationTests
22:00:24.089 [main] INFO org.springframework.boot.devtools.restart.RestartApplicationListener -- Restart disabled due to context in which it is running

  .   ____          _            __ _ _
 /\\ / ___'_ __ _ _(_)_ __  __ _ \ \ \ \
( ( )\___ | '_ | '_| | '_ \/ _` | \ \ \ \
 \\/  ___)| |_)| | | | | || (_| |  ) ) ) )
  '  |____| .__|_| |_|_| |_\__, | / / / /
 =========|_|==============|___/=/_/_/_/

 :: Spring Boot ::                (v3.5.6)

2025-10-16T22:00:28.658+01:00  INFO 254243 --- [bank-registry-service] [           main] .b.b.BankRegistryServiceApplicationTests : Starting BankRegistryServiceApplicationTests using Java 17.0.16 with PID 254243 (started by lavue in /home/lavue/Dev/java/spring/tutoriel2/bank-registry-service)
2025-10-16T22:00:28.663+01:00  INFO 254243 --- [bank-registry-service] [           main] .b.b.BankRegistryServiceApplicationTests : No active profile set, falling back to 1 default profile: "default"
2025-10-16T22:00:28.769+01:00  INFO 254243 --- [bank-registry-service] [           main] o.s.c.c.c.ConfigServerConfigDataLoader   : Fetching config from server at : http://localhost:8000
2025-10-16T22:00:28.769+01:00  INFO 254243 --- [bank-registry-service] [           main] o.s.c.c.c.ConfigServerConfigDataLoader   : Located environment: name=bank-registry-service, profiles=[default], label=null, version=8991540dfe1207355bf85e81517ce1469e38ec54, state=
2025-10-16T22:00:31.327+01:00  INFO 254243 --- [bank-registry-service] [           main] o.s.cloud.context.scope.GenericScope     : BeanFactory id=b385613c-e0e3-3f57-907f-c252c45b34af
2025-10-16T22:00:32.604+01:00  INFO 254243 --- [bank-registry-service] [           main] o.s.v.b.OptionalValidatorFactoryBean     : Failed to set up a Bean Validation provider: jakarta.validation.NoProviderFoundException: Unable to create a Configuration, because no Jakarta Bean Validation provider could be found. Add a provider like Hibernate Validator (RI) to your classpath.
2025-10-16T22:00:36.847+01:00  WARN 254243 --- [bank-registry-service] [           main] iguration$LoadBalancerCaffeineWarnLogger : Spring Cloud LoadBalancer is currently working with the default cache. While this cache implementation is useful for development and tests, it's recommended to use Caffeine cache in production.You can switch to using Caffeine cache, by adding it and org.springframework.cache.caffeine.CaffeineCacheManager to the classpath.
2025-10-16T22:00:37.396+01:00  INFO 254243 --- [bank-registry-service] [           main] o.s.c.n.eureka.InstanceInfoFactory       : Setting initial instance status as: STARTING
2025-10-16T22:00:37.442+01:00  INFO 254243 --- [bank-registry-service] [           main] com.netflix.discovery.DiscoveryClient    : Initializing Eureka in region us-east-1
2025-10-16T22:00:37.450+01:00  INFO 254243 --- [bank-registry-service] [           main] com.netflix.discovery.DiscoveryClient    : Client configured to neither register nor query for data.
2025-10-16T22:00:37.454+01:00  INFO 254243 --- [bank-registry-service] [           main] com.netflix.discovery.DiscoveryClient    : Discovery Client initialized at timestamp 1760648437452 with initial instances count: 0
2025-10-16T22:00:37.690+01:00  INFO 254243 --- [bank-registry-service] [           main] c.n.eureka.DefaultEurekaServerContext    : Initializing ...
2025-10-16T22:00:37.693+01:00  INFO 254243 --- [bank-registry-service] [           main] c.n.eureka.cluster.PeerEurekaNodes       : Adding new peer nodes [http://localhost:8761/eureka/]
2025-10-16T22:00:38.199+01:00  INFO 254243 --- [bank-registry-service] [           main] c.n.d.provider.DiscoveryJerseyProvider   : Using JSON encoding codec LegacyJacksonJson
2025-10-16T22:00:38.200+01:00  INFO 254243 --- [bank-registry-service] [           main] c.n.d.provider.DiscoveryJerseyProvider   : Using JSON decoding codec LegacyJacksonJson
2025-10-16T22:00:38.200+01:00  INFO 254243 --- [bank-registry-service] [           main] c.n.d.provider.DiscoveryJerseyProvider   : Using XML encoding codec XStreamXml
2025-10-16T22:00:38.201+01:00  INFO 254243 --- [bank-registry-service] [           main] c.n.d.provider.DiscoveryJerseyProvider   : Using XML decoding codec XStreamXml
2025-10-16T22:00:38.657+01:00  INFO 254243 --- [bank-registry-service] [           main] c.n.eureka.cluster.PeerEurekaNodes       : Replica node URL:  http://localhost:8761/eureka/
2025-10-16T22:00:38.722+01:00  INFO 254243 --- [bank-registry-service] [           main] c.n.e.registry.AbstractInstanceRegistry  : Finished initializing remote region registries. All known remote regions: []
2025-10-16T22:00:38.723+01:00  INFO 254243 --- [bank-registry-service] [           main] c.n.eureka.DefaultEurekaServerContext    : Initialized
2025-10-16T22:00:39.024+01:00  INFO 254243 --- [bank-registry-service] [           main] o.s.b.a.e.web.EndpointLinksResolver      : Exposing 1 endpoint beneath base path '/actuator'
2025-10-16T22:00:39.330+01:00  INFO 254243 --- [bank-registry-service] [           main] o.s.c.n.e.s.EurekaServiceRegistry        : Registering application BANK-REGISTRY-SERVICE with eureka with status UP
2025-10-16T22:00:39.390+01:00  INFO 254243 --- [bank-registry-service] [      Thread-11] o.s.c.n.e.server.EurekaServerBootstrap   : isAws returned false
2025-10-16T22:00:39.397+01:00  INFO 254243 --- [bank-registry-service] [      Thread-11] o.s.c.n.e.server.EurekaServerBootstrap   : Initialized server context
2025-10-16T22:00:39.397+01:00  INFO 254243 --- [bank-registry-service] [      Thread-11] c.n.e.r.PeerAwareInstanceRegistryImpl    : Got 1 instances from neighboring DS node
2025-10-16T22:00:39.398+01:00  INFO 254243 --- [bank-registry-service] [      Thread-11] c.n.e.r.PeerAwareInstanceRegistryImpl    : Renew threshold is: 1
2025-10-16T22:00:39.398+01:00  INFO 254243 --- [bank-registry-service] [      Thread-11] c.n.e.r.PeerAwareInstanceRegistryImpl    : Changing status to UP
2025-10-16T22:00:39.407+01:00  INFO 254243 --- [bank-registry-service] [      Thread-11] e.s.EurekaServerInitializerConfiguration : Started Eureka Server
2025-10-16T22:00:39.456+01:00  INFO 254243 --- [bank-registry-service] [           main] .b.b.BankRegistryServiceApplicationTests : Started BankRegistryServiceApplicationTests in 15.42 seconds (process running for 18.642)
]]></system-out>
  </testcase>
</testsuite>